Send POST https://api.jpush.cn/v3/push, body:{"platform":"all","audience":{"registration_id":["b1cd8e83e3ecd670ee50dd39f7315a58"]},"notification":{"alert":"\u6d4b\u8bd5\u6d4b\u8bd5","android":{"alert":"\u6d4b\u8bd5\u6d4b\u8bd5"},"ios":{"alert":"\u6d4b\u8bd5\u6d4b\u8bd5","sound":"","badge":"+1"}},"options":{"sendno":70043,"apns_production":false}}, times:1
Send POST https://api.jpush.cn/v3/push, body:{"platform":"all","audience":{"registration_id":["b1cd8e83e3ecd670ee50dd39f7315a58"]},"notification":{"alert":"\u6d4b\u8bd5\u6d4b\u8bd5","android":{"alert":"\u6d4b\u8bd5\u6d4b\u8bd5"},"ios":{"alert":"\u6d4b\u8bd5\u6d4b\u8bd5","sound":"","badge":"+1"}},"options":{"sendno":86397,"apns_production":false}}, times:1
Send POST https://api.jpush.cn/v3/push, body:{"platform":"all","audience":{"registration_id":["b1cd8e83e3ecd670ee50dd39f7315a58"]},"notification":{"alert":"\u6d4b\u8bd5\u6d4b\u8bd5","android":{"alert":"\u6d4b\u8bd5\u6d4b\u8bd5"},"ios":{"alert":"\u6d4b\u8bd5\u6d4b\u8bd5","sound":"","badge":"+1"}},"options":{"sendno":90636,"apns_production":false}}, times:1
Send POST https://api.jpush.cn/v3/push, body:{"platform":"all","audience":{"registration_id":["b1cd8e83e3ecd670ee50dd39f7315a58"]},"notification":{"alert":"\u6d4b\u8bd5\u6d4b\u8bd5","android":{"alert":"\u6d4b\u8bd5\u6d4b\u8bd5"},"ios":{"alert":"\u6d4b\u8bd5\u6d4b\u8bd5","sound":"","badge":"+1"}},"options":{"sendno":41989,"apns_production":false}}, times:1
Send POST https://api.jpush.cn/v3/push, body:{"platform":"all","audience":{"registration_id":["b1cd8e83e3ecd670ee50dd39f7315a58"]},"notification":{"alert":"\u6d4b\u8bd5\u6d4b\u8bd5","android":{"alert":"\u6d4b\u8bd5\u6d4b\u8bd5"},"ios":{"alert":"\u6d4b\u8bd5\u6d4b\u8bd5","sound":"","badge":"+1"}},"options":{"sendno":37364,"apns_production":false}}, times:1
Send POST https://api.jpush.cn/v3/push, body:{"platform":"all","audience":{"registration_id":["b1cd8e83e3ecd670ee50dd39f7315a58"]},"notification":{"alert":"\u6d4b\u8bd5\u6d4b\u8bd5","android":{"alert":"\u6d4b\u8bd5\u6d4b\u8bd5"},"ios":{"alert":"\u6d4b\u8bd5\u6d4b\u8bd5","sound":"","badge":"+1"}},"options":{"sendno":32904,"apns_production":false}}, times:1
Send POST https://api.jpush.cn/v3/push, body:{"platform":"all","audience":{"registration_id":["b1cd8e83e3ecd670ee50dd39f7315a58"]},"notification":{"alert":"\u6d4b\u8bd5\u6d4b\u8bd5","android":{"alert":"\u6d4b\u8bd5\u6d4b\u8bd5"},"ios":{"alert":"\u6d4b\u8bd5\u6d4b\u8bd5","sound":"","badge":"+1"}},"options":{"sendno":62486,"apns_production":false}}, times:1
Send POST https://api.jpush.cn/v3/push, body:{"platform":"all","audience":{"registration_id":["b1cd8e83e3ecd670ee50dd39f7315a58"]},"notification":{"alert":"\u6d4b\u8bd5\u6d4b\u8bd5","android":{"alert":"\u6d4b\u8bd5\u6d4b\u8bd5"},"ios":{"alert":"\u6d4b\u8bd5\u6d4b\u8bd5","sound":"","badge":"+1"}},"options":{"sendno":99367,"apns_production":false}}, times:1
Send POST https://api.jpush.cn/v3/push, body:{"platform":"all","audience":{"registration_id":["b1cd8e83e3ecd670ee50dd39f7315a58"]},"notification":{"alert":"\u6d4b\u8bd5\u6d4b\u8bd5","android":{"alert":"\u6d4b\u8bd5\u6d4b\u8bd5"},"ios":{"alert":"\u6d4b\u8bd5\u6d4b\u8bd5","sound":"","badge":"+1"}},"options":{"sendno":37375,"apns_production":false}}, times:1
Send POST https://api.jpush.cn/v3/push, body:{"platform":"all","audience":{"registration_id":["b1cd8e83e3ecd670ee50dd39f7315a58"]},"notification":{"alert":"\u6d4b\u8bd5\u6d4b\u8bd5","android":{"alert":"\u6d4b\u8bd5\u6d4b\u8bd5"},"ios":{"alert":"\u6d4b\u8bd5\u6d4b\u8bd5","sound":"","badge":"+1"}},"options":{"sendno":35032,"apns_production":false}}, times:1
Send POST https://api.jpush.cn/v3/push, body:{"platform":"all","audience":{"registration_id":["b1cd8e83e3ecd670ee50dd39f7315a58"]},"notification":{"alert":"\u6d4b\u8bd5\u6d4b\u8bd5","android":{"alert":"\u6d4b\u8bd5\u6d4b\u8bd5"},"ios":{"alert":"\u6d4b\u8bd5\u6d4b\u8bd5","sound":"","badge":"+1"}},"options":{"sendno":60034,"apns_production":false}}, times:1
Send POST https://api.jpush.cn/v3/push, body:{"platform":"all","audience":{"registration_id":["b1cd8e83e3ecd670ee50dd39f7315a58"]},"notification":{"alert":"\u6d4b\u8bd5\u6d4b\u8bd5","android":{"alert":"\u6d4b\u8bd5\u6d4b\u8bd5"},"ios":{"alert":"\u6d4b\u8bd5\u6d4b\u8bd5","sound":"","badge":"+1"}},"options":{"sendno":82181,"apns_production":false}}, times:1
Send POST https://api.jpush.cn/v3/push, body:{"platform":"all","audience":{"registration_id":["d85ed064c683fe2efcc9d20618a1478a"]},"notification":{"alert":"\u6d4b\u8bd5\u6d4b\u8bd5","android":{"alert":"\u6d4b\u8bd5\u6d4b\u8bd5"},"ios":{"alert":"\u6d4b\u8bd5\u6d4b\u8bd5","sound":"","badge":"+1"}},"options":{"sendno":90179,"apns_production":false}}, times:1
Send POST https://api.jpush.cn/v3/push, body:{"platform":"all","audience":{"registration_id":["d85ed064c683fe2efcc9d20618a1478a"]},"notification":{"alert":"\u6d4b\u8bd5\u6d4b\u8bd5","android":{"alert":"\u6d4b\u8bd5\u6d4b\u8bd5"},"ios":{"alert":"\u6d4b\u8bd5\u6d4b\u8bd5","sound":"","badge":"+1"}},"options":{"sendno":80478,"apns_production":false}}, times:1
Send POST https://api.jpush.cn/v3/push, body:{"platform":"all","audience":{"registration_id":["d85ed064c683fe2efcc9d20618a1478a"]},"notification":{"alert":"\u6d4b\u8bd5\u6d4b\u8bd5","android":{"alert":"\u6d4b\u8bd5\u6d4b\u8bd5"},"ios":{"alert":"\u6d4b\u8bd5\u6d4b\u8bd5","sound":"","badge":"+1"}},"options":{"sendno":73145,"apns_production":false}}, times:1
Send POST https://api.jpush.cn/v3/push, body:{"platform":"all","audience":{"alias":["d85ed064c683fe2efcc9d20618a1478a"]},"notification":{"alert":"\u6d4b\u8bd5\u6d4b\u8bd5","android":{"alert":"\u6d4b\u8bd5\u6d4b\u8bd5"},"ios":{"alert":"\u6d4b\u8bd5\u6d4b\u8bd5","sound":"","badge":"+1"}},"options":{"sendno":44835,"apns_production":false}}, times:1
Send POST https://api.jpush.cn/v3/push, body:{"platform":"all","audience":{"registration_id":["d85ed064c683fe2efcc9d20618a1478a"]},"notification":{"alert":"\u6d4b\u8bd5\u6d4b\u8bd5","android":{"alert":"\u6d4b\u8bd5\u6d4b\u8bd5"},"ios":{"alert":"\u6d4b\u8bd5\u6d4b\u8bd5","sound":"","badge":"+1"}},"options":{"sendno":49386,"apns_production":false}}, times:1
Send POST https://api.jpush.cn/v3/push, body:{"platform":"all","audience":"all","notification":{"alert":"\u6d4b\u8bd5\u6d4b\u8bd5","android":{"alert":"\u6d4b\u8bd5\u6d4b\u8bd5"},"ios":{"alert":"\u6d4b\u8bd5\u6d4b\u8bd5","sound":"","badge":"+1"}},"options":{"sendno":88642,"apns_production":false}}, times:1
Send POST https://api.jpush.cn/v3/push, body:{"platform":"all","audience":"all","notification":{"alert":"\u6d4b\u8bd5\u6d4b\u8bd5","android":{"alert":"\u6d4b\u8bd5\u6d4b\u8bd5"},"ios":{"alert":"\u6d4b\u8bd5\u6d4b\u8bd5","sound":"","badge":"+1"}},"options":{"sendno":72101,"apns_production":false}}, times:1
Send POST https://api.jpush.cn/v3/push, body:{"platform":"all","audience":"all","message":{"msg_content":"\u6d4b\u8bd5\u6d4b\u8bd5"},"options":{"sendno":40124,"apns_production":false}}, times:1
Send POST https://api.jpush.cn/v3/push, body:{"platform":"all","audience":"all","message":{"msg_content":"\u6d4b\u8bd5\u6d4b\u8bd5"},"options":{"sendno":43380,"apns_production":false}}, times:1
Send POST https://api.jpush.cn/v3/push, body:{"platform":"all","audience":"all","message":{"msg_content":"\u6d4b\u8bd5\u6d4b\u8bd5"},"options":{"sendno":67392,"apns_production":false}}, times:1
Send POST https://api.jpush.cn/v3/push, body:{"platform":"all","audience":"all","message":{"msg_content":"\u6d4b\u8bd5\u6d4b\u8bd5"},"options":{"sendno":97288,"apns_production":false}}, times:1
Send POST https://api.jpush.cn/v3/push, body:{"platform":"all","audience":"all","message":{"msg_content":"\u6d4b\u8bd5\u6d4b\u8bd5"},"options":{"sendno":75258,"apns_production":false}}, times:1
Send POST https://api.jpush.cn/v3/push, body:{"platform":"all","audience":"all","message":{"msg_content":"\u6d4b\u8bd5\u6d4b\u8bd5"},"options":{"sendno":36593,"apns_production":false}}, times:1
Send POST https://api.jpush.cn/v3/push, body:{"platform":"all","audience":"all","message":{"msg_content":"\u6d4b\u8bd5\u6d4b\u8bd5"},"options":{"sendno":79743,"apns_production":false}}, times:1
Send POST https://api.jpush.cn/v3/push, body:{"platform":"all","audience":{"registration_id":["d85ed064c683fe2efcc9d20618a1478a"]},"message":{"msg_content":"\u6d4b\u8bd5\u6d4b\u8bd5"},"options":{"sendno":82160,"apns_production":false}}, times:1
Send POST https://api.jpush.cn/v3/push, body:{"platform":"all","audience":{"registration_id":["d85ed064c683fe2efcc9d20618a1478a"]},"message":{"msg_content":"\u6d4b\u8bd5\u6d4b\u8bd5"},"options":{"sendno":85923,"apns_production":false}}, times:1
Send POST https://api.jpush.cn/v3/push, body:{"platform":"all","audience":{"registration_id":["d85ed064c683fe2efcc9d20618a1478a"]},"message":{"msg_content":"\u6d4b\u8bd5\u6d4b\u8bd5"},"options":{"sendno":91855,"apns_production":false}}, times:1
Send POST https://api.jpush.cn/v3/push, body:{"platform":"all","audience":{"registration_id":["d85ed064c683fe2efcc9d20618a1478a"]},"message":{"msg_content":"\u6d4b\u8bd5\u6d4b\u8bd5"},"options":{"sendno":46123,"apns_production":false}}, times:1
Send POST https://api.jpush.cn/v3/push, body:{"platform":"all","audience":{"registration_id":["d85ed064c683fe2efcc9d20618a1478a"]},"message":{"msg_content":"\u6d4b\u8bd5\u6d4b\u8bd5"},"options":{"sendno":82245,"apns_production":false}}, times:1
Send POST https://api.jpush.cn/v3/push, body:{"platform":"all","audience":{"registration_id":["d85ed064c683fe2efcc9d20618a1478a"]},"message":{"msg_content":"\u6d4b\u8bd5\u6d4b\u8bd5"},"options":{"sendno":53288,"apns_production":false}}, times:1
Send POST https://api.jpush.cn/v3/push, body:{"platform":"all","audience":{"registration_id":["d85ed064c683fe2efcc9d20618a1478a"]},"message":{"msg_content":"\u6d4b\u8bd5\u6d4b\u8bd5"},"options":{"sendno":54556,"apns_production":false}}, times:1
